<?xml version="1.0" encoding="UTF-8"?>
<testng-results ignored="0" total="2" passed="2" failed="0" skipped="0">
  <reporter-output>
  </reporter-output>
  <suite started-at="2025-10-16T09:41:33 IST" name="Surefire suite" finished-at="2025-10-16T09:41:49 IST" duration-ms="16498">
    <groups>
    </groups>
    <test started-at="2025-10-16T09:41:33 IST" name="Surefire test" finished-at="2025-10-16T09:41:49 IST" duration-ms="16498">
      <class name="testNg.TestExample">
        <test-method is-config="true" signature="openPage()[pri:0, instance:testNg.TestExample@1e802ef9]" started-at="2025-10-16T09:41:33 IST" name="openPage" finished-at="2025-10-16T09:41:43 IST" duration-ms="10253" status="PASS">
          <reporter-output>
          </reporter-output>
        </test-method> <!-- openPage -->
        <test-method signature="checkPage()[pri:0, instance:testNg.TestExample@1e802ef9]" started-at="2025-10-16T09:41:43 IST" name="checkPage" finished-at="2025-10-16T09:41:43 IST" duration-ms="6" status="PASS">
          <reporter-output>
          </reporter-output>
        </test-method> <!-- checkPage -->
        <test-method signature="loginPage()[pri:0, instance:testNg.TestExample@1e802ef9]" started-at="2025-10-16T09:41:43 IST" name="loginPage" finished-at="2025-10-16T09:41:46 IST" duration-ms="2589" status="PASS">
          <reporter-output>
          </reporter-output>
        </test-method> <!-- loginPage -->
        <test-method is-config="true" signature="closePage()[pri:0, instance:testNg.TestExample@1e802ef9]" started-at="2025-10-16T09:41:46 IST" name="closePage" finished-at="2025-10-16T09:41:49 IST" duration-ms="3547" status="PASS">
          <reporter-output>
          </reporter-output>
        </test-method> <!-- closePage -->
      </class> <!-- testNg.TestExample -->
    </test> <!-- Surefire test -->
  </suite> <!-- Surefire suite -->
</testng-results>
